<?xml version="1.0" encoding="utf-8"?><testsuites name="pytest tests"><testsuite name="pytest" errors="0" failures="0" skipped="0" tests="11" time="0.015" timestamp="2025-09-26T16:27:25.233707+01:00" hostname="Peters-MacBook-Air-2.local"><testcase classname="test" name="test_add" time="0.000" /><testcase classname="test" name="test_subtract" time="0.000" /><testcase classname="test" name="test_multiply" time="0.000" /><testcase classname="test" name="test_divide" time="0.000" /><testcase classname="test" name="test_sqrt" time="0.000" /><testcase classname="test" name="test_power" time="0.000" /><testcase classname="test" name="test_modulus" time="0.000" /><testcase classname="test" name="test_factorial" time="0.000" /><testcase classname="test" name="test_sin" time="0.000" /><testcase classname="test" name="test_cos" time="0.000" /><testcase classname="test" name="test_log" time="0.000" /></testsuite></testsuites>